<?xml version="1.0" encoding="UTF-8" ?>
<testsuite errors="0" failures="2" hostname="MarioAlmeida" name="testeSelenium.TestSelenium" skipped="0" tests="7" time="106.965" timestamp="2016-04-02T15:15:57">
  <properties>
[...]
</properties>
  <testcase classname="testeSelenium.TestSelenium" name="testPropertiesVazio" time="20.96">
    <failure message="org.junit.ComparisonFailure: expected:&lt;[No pages matched your search criteria].&gt; but was:&lt;[Found 332 results for your search].&gt;" type="junit.framework.AssertionFailedError">junit.framework.AssertionFailedError: org.junit.ComparisonFailure: expected:&lt;[No pages matched your search criteria].&gt; but was:&lt;[Found 332 results for your search].&gt;
	at testeSelenium.TestSelenium.tearDown(Unknown Source)
	at org.eclipse.ant.internal.launching.remote.EclipseDefaultExecutor.executeTargets(EclipseDefaultExecutor.java:36)
	at org.eclipse.ant.internal.launching.remote.InternalAntRunner.run(InternalAntRunner.java:453)
	at org.eclipse.ant.internal.launching.remote.InternalAntRunner.main(InternalAntRunner.java:140)
</failure>
  </testcase>
  <testcase classname="testeSelenium.TestSelenium" name="testProperties" time="15.128" />
  <testcase classname="testeSelenium.TestSelenium" name="testeHome" time="13.641">
    <failure message="org.junit.ComparisonFailure: expected:&lt;[FrontPage]&gt; but was:&lt;[Search Form]&gt;" type="junit.framework.AssertionFailedError">junit.framework.AssertionFailedError: org.junit.ComparisonFailure: expected:&lt;[FrontPage]&gt; but was:&lt;[Search Form]&gt;
	at testeSelenium.TestSelenium.tearDown(Unknown Source)
	at org.eclipse.ant.internal.launching.remote.EclipseDefaultExecutor.executeTargets(EclipseDefaultExecutor.java:36)
	at org.eclipse.ant.internal.launching.remote.InternalAntRunner.run(InternalAntRunner.java:453)
	at org.eclipse.ant.internal.launching.remote.InternalAntRunner.main(InternalAntRunner.java:140)
</failure>
  </testcase>
  <testcase classname="testeSelenium.TestSelenium" name="testeBuscaConteudos" time="14.937" />
  <testcase classname="testeSelenium.TestSelenium" name="testeBuscaTitulos" time="14.354" />
  <testcase classname="testeSelenium.TestSelenium" name="botaoVoltar" time="13.899" />
  <testcase classname="testeSelenium.TestSelenium" name="testeBuscaConteudosVazio" time="13.956" />
  <system-out><![CDATA[]]></system-out>
  <system-err><![CDATA[]]></system-err>
</testsuite>
